info it worked if it ends with ok
verbose cli [ 'node', '/usr/bin/npm', 'install' ]
info using npm@1.1.4
info using node@v0.6.12
verbose config file /home/vagrant/.npmrc
verbose config file /usr/etc/npmrc
verbose config file /usr/share/npm/npmrc
verbose caching /vagrant/particle/package.json
verbose loadDefaults particle@1.0.0
verbose readDependencies: using package.json deps
verbose where, deps [ '/vagrant/particle',
verbose where, deps   [ 'browser-sync',
verbose where, deps     'gulp',
verbose where, deps     'gulp-concat',
verbose where, deps     'gulp-csso',
verbose where, deps     'gulp-imagemin',
verbose where, deps     'gulp-plumber',
verbose where, deps     'gulp-sass',
verbose where, deps     'gulp-uglify' ] ]
verbose from cache /vagrant/particle/package.json
info preinstall particle@1.0.0
verbose from cache /vagrant/particle/package.json
verbose readDependencies: using package.json deps
verbose cache add [ 'gulp@^3.9.1', null ]
silly cache add: name, spec, args [ undefined, 'gulp@^3.9.1', [ 'gulp@^3.9.1', null ] ]
verbose parsed url { pathname: 'gulp@^3.9.1',
verbose parsed url   path: 'gulp@^3.9.1',
verbose parsed url   href: 'gulp@^3.9.1' }
silly cache add: name, spec, args [ 'gulp', '^3.9.1', [ 'gulp', '^3.9.1' ] ]
verbose parsed url { pathname: '^3.9.1', path: '^3.9.1', href: '^3.9.1' }
verbose addNamed [ 'gulp', '^3.9.1' ]
verbose addNamed [ null, null ]
info addNameTag [ 'gulp', '^3.9.1' ]
verbose cache add [ 'gulp-concat@^2.6.1', null ]
silly cache add: name, spec, args [ undefined,
silly cache add: name, spec, args   'gulp-concat@^2.6.1',
silly cache add: name, spec, args   [ 'gulp-concat@^2.6.1', null ] ]
verbose parsed url { pathname: 'gulp-concat@^2.6.1',
verbose parsed url   path: 'gulp-concat@^2.6.1',
verbose parsed url   href: 'gulp-concat@^2.6.1' }
silly cache add: name, spec, args [ 'gulp-concat', '^2.6.1', [ 'gulp-concat', '^2.6.1' ] ]
verbose parsed url { pathname: '^2.6.1', path: '^2.6.1', href: '^2.6.1' }
verbose addNamed [ 'gulp-concat', '^2.6.1' ]
verbose addNamed [ null, null ]
info addNameTag [ 'gulp-concat', '^2.6.1' ]
verbose raw, before any munging gulp
verbose url resolving [ 'https://registry.npmjs.org/', './gulp' ]
verbose url resolved https://registry.npmjs.org/gulp
http GET https://registry.npmjs.org/gulp
verbose raw, before any munging gulp-concat
verbose url resolving [ 'https://registry.npmjs.org/', './gulp-concat' ]
verbose url resolved https://registry.npmjs.org/gulp-concat
http GET https://registry.npmjs.org/gulp-concat
verbose cache add [ 'gulp-csso@^2.0.0', null ]
silly cache add: name, spec, args [ undefined, 'gulp-csso@^2.0.0', [ 'gulp-csso@^2.0.0', null ] ]
verbose parsed url { pathname: 'gulp-csso@^2.0.0',
verbose parsed url   path: 'gulp-csso@^2.0.0',
verbose parsed url   href: 'gulp-csso@^2.0.0' }
silly cache add: name, spec, args [ 'gulp-csso', '^2.0.0', [ 'gulp-csso', '^2.0.0' ] ]
verbose parsed url { pathname: '^2.0.0', path: '^2.0.0', href: '^2.0.0' }
verbose addNamed [ 'gulp-csso', '^2.0.0' ]
verbose addNamed [ null, null ]
info addNameTag [ 'gulp-csso', '^2.0.0' ]
verbose cache add [ 'gulp-imagemin@^3.1.1', null ]
silly cache add: name, spec, args [ undefined,
silly cache add: name, spec, args   'gulp-imagemin@^3.1.1',
silly cache add: name, spec, args   [ 'gulp-imagemin@^3.1.1', null ] ]
verbose parsed url { pathname: 'gulp-imagemin@^3.1.1',
verbose parsed url   path: 'gulp-imagemin@^3.1.1',
verbose parsed url   href: 'gulp-imagemin@^3.1.1' }
silly cache add: name, spec, args [ 'gulp-imagemin', '^3.1.1', [ 'gulp-imagemin', '^3.1.1' ] ]
verbose parsed url { pathname: '^3.1.1', path: '^3.1.1', href: '^3.1.1' }
verbose addNamed [ 'gulp-imagemin', '^3.1.1' ]
verbose addNamed [ null, null ]
info addNameTag [ 'gulp-imagemin', '^3.1.1' ]
verbose cache add [ 'gulp-plumber@^1.1.0', null ]
silly cache add: name, spec, args [ undefined,
silly cache add: name, spec, args   'gulp-plumber@^1.1.0',
silly cache add: name, spec, args   [ 'gulp-plumber@^1.1.0', null ] ]
verbose parsed url { pathname: 'gulp-plumber@^1.1.0',
verbose parsed url   path: 'gulp-plumber@^1.1.0',
verbose parsed url   href: 'gulp-plumber@^1.1.0' }
silly cache add: name, spec, args [ 'gulp-plumber', '^1.1.0', [ 'gulp-plumber', '^1.1.0' ] ]
verbose parsed url { pathname: '^1.1.0', path: '^1.1.0', href: '^1.1.0' }
verbose addNamed [ 'gulp-plumber', '^1.1.0' ]
verbose addNamed [ null, null ]
info addNameTag [ 'gulp-plumber', '^1.1.0' ]
verbose cache add [ 'gulp-sass@^3.1.0', null ]
silly cache add: name, spec, args [ undefined, 'gulp-sass@^3.1.0', [ 'gulp-sass@^3.1.0', null ] ]
verbose parsed url { pathname: 'gulp-sass@^3.1.0',
verbose parsed url   path: 'gulp-sass@^3.1.0',
verbose parsed url   href: 'gulp-sass@^3.1.0' }
silly cache add: name, spec, args [ 'gulp-sass', '^3.1.0', [ 'gulp-sass', '^3.1.0' ] ]
verbose parsed url { pathname: '^3.1.0', path: '^3.1.0', href: '^3.1.0' }
verbose addNamed [ 'gulp-sass', '^3.1.0' ]
verbose addNamed [ null, null ]
info addNameTag [ 'gulp-sass', '^3.1.0' ]
verbose cache add [ 'gulp-uglify@^2.0.0', null ]
silly cache add: name, spec, args [ undefined,
silly cache add: name, spec, args   'gulp-uglify@^2.0.0',
silly cache add: name, spec, args   [ 'gulp-uglify@^2.0.0', null ] ]
verbose parsed url { pathname: 'gulp-uglify@^2.0.0',
verbose parsed url   path: 'gulp-uglify@^2.0.0',
verbose parsed url   href: 'gulp-uglify@^2.0.0' }
silly cache add: name, spec, args [ 'gulp-uglify', '^2.0.0', [ 'gulp-uglify', '^2.0.0' ] ]
verbose parsed url { pathname: '^2.0.0', path: '^2.0.0', href: '^2.0.0' }
verbose addNamed [ 'gulp-uglify', '^2.0.0' ]
verbose addNamed [ null, null ]
info addNameTag [ 'gulp-uglify', '^2.0.0' ]
verbose raw, before any munging gulp-csso
verbose url resolving [ 'https://registry.npmjs.org/', './gulp-csso' ]
verbose url resolved https://registry.npmjs.org/gulp-csso
http GET https://registry.npmjs.org/gulp-csso
verbose raw, before any munging gulp-imagemin
verbose url resolving [ 'https://registry.npmjs.org/', './gulp-imagemin' ]
verbose url resolved https://registry.npmjs.org/gulp-imagemin
http GET https://registry.npmjs.org/gulp-imagemin
verbose raw, before any munging gulp-plumber
verbose url resolving [ 'https://registry.npmjs.org/', './gulp-plumber' ]
verbose url resolved https://registry.npmjs.org/gulp-plumber
http GET https://registry.npmjs.org/gulp-plumber
verbose raw, before any munging gulp-sass
verbose url resolving [ 'https://registry.npmjs.org/', './gulp-sass' ]
verbose url resolved https://registry.npmjs.org/gulp-sass
http GET https://registry.npmjs.org/gulp-sass
verbose raw, before any munging gulp-uglify
verbose url resolving [ 'https://registry.npmjs.org/', './gulp-uglify' ]
verbose url resolved https://registry.npmjs.org/gulp-uglify
http GET https://registry.npmjs.org/gulp-uglify
verbose cache add [ 'browser-sync@^2.18.6', null ]
silly cache add: name, spec, args [ undefined,
silly cache add: name, spec, args   'browser-sync@^2.18.6',
silly cache add: name, spec, args   [ 'browser-sync@^2.18.6', null ] ]
verbose parsed url { pathname: 'browser-sync@^2.18.6',
verbose parsed url   path: 'browser-sync@^2.18.6',
verbose parsed url   href: 'browser-sync@^2.18.6' }
silly cache add: name, spec, args [ 'browser-sync', '^2.18.6', [ 'browser-sync', '^2.18.6' ] ]
verbose parsed url { pathname: '^2.18.6', path: '^2.18.6', href: '^2.18.6' }
verbose addNamed [ 'browser-sync', '^2.18.6' ]
verbose addNamed [ null, null ]
info addNameTag [ 'browser-sync', '^2.18.6' ]
verbose raw, before any munging browser-sync
verbose url resolving [ 'https://registry.npmjs.org/', './browser-sync' ]
verbose url resolved https://registry.npmjs.org/browser-sync
http GET https://registry.npmjs.org/browser-sync
ERR! Error: failed to fetch from registry: gulp-concat
ERR!     at /usr/share/npm/lib/utils/npm-registry-client/get.js:139:12
ERR!     at cb (/usr/share/npm/lib/utils/npm-registry-client/request.js:31:9)
ERR!     at Request._callback (/usr/share/npm/lib/utils/npm-registry-client/request.js:136:18)
ERR!     at Request.callback (/usr/lib/nodejs/request/main.js:119:22)
ERR!     at Request.<anonymous> (/usr/lib/nodejs/request/main.js:212:58)
ERR!     at Request.emit (events.js:88:20)
ERR!     at ClientRequest.<anonymous> (/usr/lib/nodejs/request/main.js:412:12)
ERR!     at ClientRequest.emit (events.js:67:17)
ERR!     at HTTPParser.onIncoming (http.js:1261:11)
ERR!     at HTTPParser.onHeadersComplete (http.js:102:31)
ERR! You may report this log at:
ERR!     <http://bugs.debian.org/npm>
ERR! or use
ERR!     reportbug --attach /vagrant/particle/npm-debug.log npm
ERR! 
ERR! System Linux 3.2.0-23-generic
ERR! command "node" "/usr/bin/npm" "install"
ERR! cwd /vagrant/particle
ERR! node -v v0.6.12
ERR! npm -v 1.1.4
ERR! message failed to fetch from registry: gulp-concat
verbose exit [ 1, true ]
